<?xml version="1.0" encoding="UTF-8"?>
<!-- Generated by org.testng.reporters.JUnitReportReporter -->
<testsuite hostname="LAPTOP-845ACJGC" failures="0" tests="20" name="com.testing.Program1" time="0.046" errors="0" timestamp="2022-07-30T00:23:21 IST" skipped="0">
  <testcase classname="com.testing.Program1" name="King" time="0.019"/>
  <system-out>
    <![CDATA[Knowledge is king]]>
  </system-out>
  <testcase classname="com.testing.Program1" name="test" time="0.002"/>
  <system-out>
    <![CDATA[Log in successfull]]>
  </system-out>
  <testcase classname="com.testing.Program1" name="tool" time="0.001"/>
  <system-out>
    <![CDATA[Tool is hard to work]]>
  </system-out>
  <testcase classname="com.testing.Program1" name="talk" time="0.003"/>
  <system-out>
    <![CDATA[People do not speak]]>
  </system-out>
  <testcase classname="com.testing.Program1" name="house" time="0.000"/>
  <system-out>
    <![CDATA[House is big]]>
  </system-out>
  <testcase classname="com.testing.Program1" name="tour" time="0.001"/>
  <system-out>
    <![CDATA[My dream is to go in long tour]]>
  </system-out>
  <testcase classname="com.testing.Program1" name="cool" time="0.003"/>
  <system-out>
    <![CDATA[No rain no cool]]>
  </system-out>
  <testcase classname="com.testing.Program1" name="well" time="0.003"/>
  <system-out>
    <![CDATA[Well to do good]]>
  </system-out>
  <testcase classname="com.testing.Program1" name="warm" time="0.001"/>
  <system-out>
    <![CDATA[No rain too warm]]>
  </system-out>
  <testcase classname="com.testing.Program1" name="work" time="0.001"/>
  <system-out>
    <![CDATA[I am working]]>
  </system-out>
  <testcase classname="com.testing.Program1" name="park" time="0.001"/>
  <system-out>
    <![CDATA[Park name is Amozone]]>
  </system-out>
  <testcase classname="com.testing.Program1" name="demo" time="0.000"/>
  <system-out>
    <![CDATA[Demo is going on]]>
  </system-out>
  <testcase classname="com.testing.Program1" name="shop" time="0.002"/>
  <system-out>
    <![CDATA[I want to go for shoping]]>
  </system-out>
  <testcase classname="com.testing.Program1" name="music" time="0.001"/>
  <system-out>
    <![CDATA[music is good]]>
  </system-out>
  <testcase classname="com.testing.Program1" name="speed" time="0.002"/>
  <system-out>
    <![CDATA[need to match speed]]>
  </system-out>
  <testcase classname="com.testing.Program1" name="age" time="0.002"/>
  <system-out>
    <![CDATA[Age is not reason]]>
  </system-out>
  <testcase classname="com.testing.Program1" name="hill" time="0.001"/>
  <system-out>
    <![CDATA[Hill is top]]>
  </system-out>
  <testcase classname="com.testing.Program1" name="food" time="0.000"/>
  <system-out>
    <![CDATA[I am foodie]]>
  </system-out>
  <testcase classname="com.testing.Program1" name="study" time="0.002"/>
  <system-out>
    <![CDATA[Study makes me good]]>
  </system-out>
  <testcase classname="com.testing.Program1" name="gone" time="0.001"/>
  <system-out>
    <![CDATA[Going to market]]>
  </system-out>
</testsuite> <!-- com.testing.Program1 -->
