<?xml version="1.0" encoding="UTF-8"?>
<!-- Generated by org.testng.reporters.JUnitReportReporter -->
<testsuite hostname="LAPTOP-845ACJGC" failures="0" tests="1" name="com.testNG.Program2" time="0.001" errors="0" timestamp="2022-07-31T13:30:13 IST" skipped="0">
  <testcase classname="com.testNG.Program2" name="modifyContact" time="0.001"/>
  <system-out/>
</testsuite> <!-- com.testNG.Program2 -->
