<?xml version="1.0" encoding="UTF-8"?>
<!-- Generated by org.testng.reporters.JUnitReportReporter -->
<testsuite hostname="LAPTOP-845ACJGC" failures="0" tests="1" name="com.testNG.Program1" time="0.004" errors="0" timestamp="2022-07-31T13:30:13 IST" skipped="0">
  <testcase classname="com.testNG.Program1" name="tool" time="0.004"/>
  <system-out>
    <![CDATA[Tool is hard to work]]>
  </system-out>
</testsuite> <!-- com.testNG.Program1 -->
