<?xml version="1.0" encoding="UTF-8"?>
<!-- Generated by org.testng.reporters.JUnitReportReporter -->
<testsuite hostname="LAPTOP-845ACJGC" failures="0" tests="3" name="com.testing.Program3" time="0.006" errors="0" timestamp="2022-07-30T00:23:21 IST" skipped="0">
  <testcase classname="com.testing.Program3" name="createContact2" time="0.002"/>
  <system-out/>
  <testcase classname="com.testing.Program3" name="deleteContact2" time="0.003"/>
  <system-out/>
  <testcase classname="com.testing.Program3" name="modifyContact2" time="0.001"/>
  <system-out/>
</testsuite> <!-- com.testing.Program3 -->
