<?xml version="1.0" encoding="UTF-8"?>
<!-- Generated by org.testng.reporters.JUnitReportReporter -->
<testsuite hostname="LAPTOP-845ACJGC" failures="0" tests="1" name="com.testNG.Program3" time="0.002" errors="0" timestamp="2022-07-31T13:30:13 IST" skipped="0">
  <testcase classname="com.testNG.Program3" name="deleteContact2" time="0.002"/>
  <system-out/>
</testsuite> <!-- com.testNG.Program3 -->
