<?xml version="1.0" encoding="UTF-8"?>
<!-- Generated by org.testng.reporters.JUnitReportReporter -->
<testsuite hostname="LAPTOP-845ACJGC" failures="0" tests="3" name="com.testNG.AllAnnotationClass" time="0.020" errors="0" timestamp="2022-07-31T13:30:13 IST" skipped="0">
  <testcase classname="com.testNG.AllAnnotationClass" name="createContact" time="0.018"/>
  <system-out/>
  <testcase classname="com.testNG.AllAnnotationClass" name="modifyContact" time="0.001"/>
  <system-out/>
  <testcase classname="com.testNG.AllAnnotationClass" name="deleteContact" time="0.001"/>
  <system-out/>
</testsuite> <!-- com.testNG.AllAnnotationClass -->
